<?xml version="1.0" encoding="UTF-8"?>
<!-- Generated by org.testng.reporters.JUnitReportReporter -->
<testsuite hostname="ESvinin" failures="0" tests="2" name="alertsTests.AlertsTests" time="0.941" errors="0" timestamp="2022-09-20T22:06:31 MSK" skipped="0">
  <testcase classname="alertsTests.AlertsTests" name="successfulAcceptAlertTest" time="0.504"/>
  <system-out/>
  <testcase classname="alertsTests.AlertsTests" name="successfulCancelConfirmTest" time="0.437"/>
  <system-out/>
</testsuite> <!-- alertsTests.AlertsTests -->
