<?xml version="1.0" encoding="UTF-8"?>
<!-- Generated by org.testng.reporters.JUnitReportReporter -->
<testsuite hostname="ESvinin" failures="0" tests="2" name="alertsTests.AlertsTests" time="1.161" errors="0" timestamp="2022-09-08T22:26:11 MSK" skipped="0">
  <testcase classname="alertsTests.AlertsTests" name="successfulAcceptAlertTest" time="0.579"/>
  <system-out/>
  <testcase classname="alertsTests.AlertsTests" name="successfulCancelConfirmTest" time="0.582"/>
  <system-out/>
</testsuite> <!-- alertsTests.AlertsTests -->
