<?xml version="1.0" encoding="UTF-8"?>
<!-- Generated by org.testng.reporters.JUnitReportReporter -->
<testsuite hostname="ESvinin" failures="0" tests="4" name="logInTests.LoginTests" time="3.765" errors="0" timestamp="2022-09-21T22:34:22 MSK" skipped="0">
  <testcase classname="logInTests.LoginTests" name="invalidUsernameLogInTest" time="0.804"/>
  <system-out/>
  <testcase classname="logInTests.LoginTests" name="invalidPasswordLogInTest" time="0.962"/>
  <system-out/>
  <testcase classname="logInTests.LoginTests" name="successfulLogOutTest" time="1.183"/>
  <system-out/>
  <testcase classname="logInTests.LoginTests" name="successfulLogInTest" time="0.816"/>
  <system-out/>
</testsuite> <!-- logInTests.LoginTests -->
