<?xml version="1.0" encoding="UTF-8"?>
<!-- Generated by org.testng.reporters.JUnitReportReporter -->
<testsuite hostname="ESvinin" failures="0" tests="4" name="logInTests.LoginTests" time="4.234" errors="0" timestamp="2022-09-20T22:06:31 MSK" skipped="0">
  <testcase classname="logInTests.LoginTests" name="successfulLogOutTest" time="1.148"/>
  <system-out/>
  <testcase classname="logInTests.LoginTests" name="successfulLogInTest" time="1.281"/>
  <system-out/>
  <testcase classname="logInTests.LoginTests" name="invalidUsernameLogInTest" time="0.812"/>
  <system-out/>
  <testcase classname="logInTests.LoginTests" name="invalidPasswordLogInTest" time="0.993"/>
  <system-out/>
</testsuite> <!-- logInTests.LoginTests -->
