<?xml version="1.0" encoding="UTF-8"?>
<!-- Generated by org.testng.reporters.JUnitReportReporter -->
<testsuite hostname="ESvinin" failures="0" tests="2" name="alertsTests.AlertsTests" time="0.966" errors="0" timestamp="2022-09-21T22:34:22 MSK" skipped="0">
  <testcase classname="alertsTests.AlertsTests" name="successfulCancelConfirmTest" time="0.446"/>
  <system-out/>
  <testcase classname="alertsTests.AlertsTests" name="successfulAcceptAlertTest" time="0.520"/>
  <system-out/>
</testsuite> <!-- alertsTests.AlertsTests -->
