<?xml version="1.0" encoding="UTF-8"?>
<!-- Generated by org.testng.reporters.JUnitReportReporter -->
<testsuite hostname="ESvinin" failures="0" tests="2" name="alertsTests.AlertsTests" time="1.187" errors="0" timestamp="2022-09-07T20:39:11 MSK" skipped="0">
  <testcase classname="alertsTests.AlertsTests" name="successfulCancelConfirmTest" time="0.596"/>
  <system-out/>
  <testcase classname="alertsTests.AlertsTests" name="successfulAcceptAlertTest" time="0.591"/>
  <system-out/>
</testsuite> <!-- alertsTests.AlertsTests -->
