<?xml version="1.0" encoding="UTF-8"?>
<!-- Generated by org.testng.reporters.JUnitReportReporter -->
<testsuite hostname="ESvinin" failures="0" tests="4" name="logInTests.LoginTests" time="4.610" errors="0" timestamp="2022-09-07T20:39:11 MSK" skipped="0">
  <testcase classname="logInTests.LoginTests" name="invalidUsernameLogInTest" time="1.037"/>
  <system-out/>
  <testcase classname="logInTests.LoginTests" name="successfulLogOutTest" time="1.464"/>
  <system-out/>
  <testcase classname="logInTests.LoginTests" name="invalidPasswordLogInTest" time="1.129"/>
  <system-out/>
  <testcase classname="logInTests.LoginTests" name="successfulLogInTest" time="0.980"/>
  <system-out/>
</testsuite> <!-- logInTests.LoginTests -->
