<?xml version="1.0" encoding="UTF-8"?>
<!-- Generated by org.testng.reporters.JUnitReportReporter -->
<testsuite hostname="ESvinin" failures="0" tests="4" name="logInTests.LoginTests" time="5.236" errors="0" timestamp="2022-09-08T22:26:11 MSK" skipped="0">
  <testcase classname="logInTests.LoginTests" name="successfulLogOutTest" time="1.468"/>
  <system-out/>
  <testcase classname="logInTests.LoginTests" name="invalidPasswordLogInTest" time="1.322"/>
  <system-out/>
  <testcase classname="logInTests.LoginTests" name="successfulLogInTest" time="1.097"/>
  <system-out/>
  <testcase classname="logInTests.LoginTests" name="invalidUsernameLogInTest" time="1.349"/>
  <system-out/>
</testsuite> <!-- logInTests.LoginTests -->
